0 info it worked if it ends with ok
1 verbose cli [ '/Users/blair/.nvm/versions/node/v4.4.7/bin/node',
1 verbose cli   '/Users/blair/.nvm/versions/node/v4.4.7/bin/npm',
1 verbose cli   'run',
1 verbose cli   'ghpages' ]
2 info using npm@2.15.8
3 info using node@v4.4.7
4 verbose run-script [ 'preghpages', 'ghpages', 'postghpages' ]
5 info preghpages argon-aframe@1.0.0
6 verbose unsafe-perm in lifecycle true
7 info ghpages argon-aframe@1.0.0
8 verbose unsafe-perm in lifecycle true
9 info argon-aframe@1.0.0 Failed to exec ghpages script
10 verbose stack Error: argon-aframe@1.0.0 ghpages: `npm run preghpages && ghpages -p gh-pages`
10 verbose stack Exit status 1
10 verbose stack     at EventEmitter.<anonymous> (/Users/blair/.nvm/versions/node/v4.4.7/lib/node_modules/npm/lib/utils/lifecycle.js:217:16)
10 verbose stack     at emitTwo (events.js:87:13)
10 verbose stack     at EventEmitter.emit (events.js:172:7)
10 verbose stack     at ChildProcess.<anonymous> (/Users/blair/.nvm/versions/node/v4.4.7/lib/node_modules/npm/lib/utils/spawn.js:24:14)
10 verbose stack     at emitTwo (events.js:87:13)
10 verbose stack     at ChildProcess.emit (events.js:172:7)
10 verbose stack     at maybeClose (internal/child_process.js:827:16)
10 verbose stack     at Process.ChildProcess._handle.onexit (internal/child_process.js:211:5)
11 verbose pkgid argon-aframe@1.0.0
12 verbose cwd /Users/blair/Desktop/programming/github/personal/argon-aframe
13 error Darwin 15.6.0
14 error argv "/Users/blair/.nvm/versions/node/v4.4.7/bin/node" "/Users/blair/.nvm/versions/node/v4.4.7/bin/npm" "run" "ghpages"
15 error node v4.4.7
16 error npm  v2.15.8
17 error code ELIFECYCLE
18 error argon-aframe@1.0.0 ghpages: `npm run preghpages && ghpages -p gh-pages`
18 error Exit status 1
19 error Failed at the argon-aframe@1.0.0 ghpages script 'npm run preghpages && ghpages -p gh-pages'.
19 error This is most likely a problem with the argon-aframe package,
19 error not with npm itself.
19 error Tell the author that this fails on your system:
19 error     npm run preghpages && ghpages -p gh-pages
19 error You can get information on how to open an issue for this project with:
19 error     npm bugs argon-aframe
19 error Or if that isn't available, you can get their info via:
19 error
19 error     npm owner ls argon-aframe
19 error There is likely additional logging output above.
20 verbose exit [ 1, true ]
